<?xml version="1.0" encoding="UTF-8"?>
<testng-results skipped="0" failed="0" ignored="0" total="1" passed="1">
  <reporter-output>
  </reporter-output>
  <suite name="Default suite" duration-ms="25462" started-at="2022-10-19T06:30:48Z" finished-at="2022-10-19T06:31:13Z">
    <groups>
      <group name="cucumber">
        <method signature="AbstractTestNGCucumberTests.feature(cucumber.api.testng.CucumberFeatureWrapper)[pri:0, instance:testrunners.Loginlogout@1df82230]" name="feature" class="cucumber.api.testng.AbstractTestNGCucumberTests"/>
      </group> <!-- cucumber -->
    </groups>
    <test name="Default test" duration-ms="25462" started-at="2022-10-19T06:30:48Z" finished-at="2022-10-19T06:31:13Z">
      <class name="testrunners.Loginlogout">
        <test-method status="PASS" signature="setUpClass()[pri:0, instance:testrunners.Loginlogout@1df82230]" name="setUpClass" is-config="true" duration-ms="221" started-at="2022-10-19T06:30:48Z" finished-at="2022-10-19T06:30:48Z">
          <reporter-output>
          </reporter-output>
        </test-method> <!-- setUpClass -->
        <test-method status="PASS" signature="feature(cucumber.api.testng.CucumberFeatureWrapper)[pri:0, instance:testrunners.Loginlogout@1df82230]" name="feature" duration-ms="23586" started-at="2022-10-19T06:30:48Z" description="Runs Cucumber Feature" data-provider="features" finished-at="2022-10-19T06:31:12Z">
          <params>
            <param index="0">
              <value>
                <![CDATA[Login and Logout feature]]>
              </value>
            </param>
          </params>
          <reporter-output>
          </reporter-output>
        </test-method> <!-- feature -->
        <test-method status="PASS" signature="tearDownClass()[pri:0, instance:testrunners.Loginlogout@1df82230]" name="tearDownClass" is-config="true" duration-ms="1100" started-at="2022-10-19T06:31:12Z" finished-at="2022-10-19T06:31:13Z">
          <reporter-output>
          </reporter-output>
        </test-method> <!-- tearDownClass -->
      </class> <!-- testrunners.Loginlogout -->
    </test> <!-- Default test -->
  </suite> <!-- Default suite -->
</testng-results>
